<?xml version="1.0" encoding="UTF-8"?>
<testng-results skipped="0" failed="0" ignored="0" total="3" passed="3">
  <reporter-output>
  </reporter-output>
  <suite name="Default suite" duration-ms="36664" started-at="2020-03-03T13:40:27Z" finished-at="2020-03-03T13:41:04Z">
    <groups>
      <group name="cucumber">
        <method signature="AbstractTestNGCucumberTests.feature(cucumber.api.testng.CucumberFeatureWrapper)[pri:0, instance:NTRunner.VSERunner@610694f1]" name="feature" class="cucumber.api.testng.AbstractTestNGCucumberTests"/>
      </group> <!-- cucumber -->
    </groups>
    <test name="Default test" duration-ms="36664" started-at="2020-03-03T13:40:27Z" finished-at="2020-03-03T13:41:04Z">
      <class name="NTRunner.VSERunner">
        <test-method status="PASS" signature="setUpClass()[pri:0, instance:NTRunner.VSERunner@610694f1]" name="setUpClass" is-config="true" duration-ms="225" started-at="2020-03-03T19:10:27Z" finished-at="2020-03-03T19:10:28Z">
          <reporter-output>
          </reporter-output>
        </test-method> <!-- setUpClass -->
        <test-method status="PASS" signature="feature(cucumber.api.testng.CucumberFeatureWrapper)[pri:0, instance:NTRunner.VSERunner@610694f1]" name="feature" duration-ms="19451" started-at="2020-03-03T19:10:28Z" description="Runs Cucumber Feature" data-provider="features" finished-at="2020-03-03T19:10:47Z">
          <params>
            <param index="0">
              <value>
                <![CDATA[Login to VSE Function]]>
              </value>
            </param>
          </params>
          <reporter-output>
          </reporter-output>
        </test-method> <!-- feature -->
        <test-method status="PASS" signature="feature(cucumber.api.testng.CucumberFeatureWrapper)[pri:0, instance:NTRunner.VSERunner@610694f1]" name="feature" duration-ms="15064" started-at="2020-03-03T19:10:47Z" description="Runs Cucumber Feature" data-provider="features" finished-at="2020-03-03T19:11:02Z">
          <params>
            <param index="0">
              <value>
                <![CDATA[Input trade details Function]]>
              </value>
            </param>
          </params>
          <reporter-output>
          </reporter-output>
        </test-method> <!-- feature -->
        <test-method status="PASS" signature="feature(cucumber.api.testng.CucumberFeatureWrapper)[pri:0, instance:NTRunner.VSERunner@610694f1]" name="feature" duration-ms="1846" started-at="2020-03-03T19:11:02Z" description="Runs Cucumber Feature" data-provider="features" finished-at="2020-03-03T19:11:04Z">
          <params>
            <param index="0">
              <value>
                <![CDATA[logout feature]]>
              </value>
            </param>
          </params>
          <reporter-output>
          </reporter-output>
        </test-method> <!-- feature -->
        <test-method status="PASS" signature="tearDownClass()[pri:0, instance:NTRunner.VSERunner@610694f1]" name="tearDownClass" is-config="true" duration-ms="3" started-at="2020-03-03T19:11:04Z" finished-at="2020-03-03T19:11:04Z">
          <reporter-output>
          </reporter-output>
        </test-method> <!-- tearDownClass -->
      </class> <!-- NTRunner.VSERunner -->
    </test> <!-- Default test -->
  </suite> <!-- Default suite -->
</testng-results>
